<?xml version="1.0" encoding="UTF-8"?>
<testsuites name="New Test Suite" time="5" tests="1" failures="0" errors="0">
   <testsuite name="New Test Suite" tests="1" failures="0" errors="0" time="5" timestamp="2018-05-23 20:33:00" hostname="HJC250$ - windows10.microdone.cn" id="Test Suites/New Test Suite">
      <properties>
         <property name="deviceName" value=""/>
         <property name="devicePlatform" value=""/>
         <property name="logFolder" value="D:\\KK\\test\\Reports\\New Test Suite\\20180523_203259"/>
         <property name="logFiles" value="D:\\KK\\test\\Reports\\New Test Suite\\20180523_203259\\execution0.log"/>
         <property name="attachments" value=""/>
         <property name="hostName" value="HJC250$ - windows10.microdone.cn"/>
         <property name="os" value="Windows 10 64bit"/>
         <property name="katalonVersion" value="5.3.1.1"/>
         <property name="browser" value="Chrome 66.0.3359.170"/>
         <property name="hostAddress" value="10.17.11.85"/>
         <property name="sessionId" value="5bc58898-7787-41ca-8411-409f3663e7f9"/>
         <property name="seleniumVersion" value="3.7.1"/>
         <property name="proxyInformation" value="ProxyInformation{proxyOption=NO_PROXY, proxyServerType=HTTP, password=, proxyServerAddress=, proxyServerPort=0}"/>
         <property name="platform" value="Windows 10"/>
      </properties>
      <testcase name="Test Cases/New Test Case" classname="Test Cases/New Test Case" status="PASSED">
         <system-out><![CDATA[2018-05-23 20:33:01 - [TEST_CASE][PASSED] - Test Cases/New Test Case: Test Cases/New Test Case

2018-05-23 20:33:01 - [TEST_STEP][PASSED] - openBrowser: Browser is opened with url: 'www.baidu.com'

2018-05-23 20:33:05 - [MESSAGE][PASSED] - Browser is opened with url: 'www.baidu.com']]></system-out>
         <system-err><![CDATA[]]></system-err>
      </testcase>
      <system-out><![CDATA[2018-05-23 20:33:00 - [TEST_SUITE][PASSED] - New Test Suite: Test Cases/New Test Case]]></system-out>
      <system-err><![CDATA[]]></system-err>
   </testsuite>
</testsuites>
